2025-10-12T08:12:48.112+01:00  WARN 31088 --- [sparkpay.bulk_dispute_processor] [HikariPool-1:housekeeper] com.zaxxer.hikari.pool.HikariPool        : HikariPool-1 - Thread starvation or clock leap detected (housekeeper delta=8h25m55s692ms226µs100ns).
2025-10-12T08:21:25.786+01:00  INFO 35652 --- [sparkpay.bulk_dispute_processor] [main] c.s.s.b.Application                      : Starting Application using Java 20.0.2 with PID 35652 (C:\Users\USER\Downloads\sparkpay.bulk_dispute_processor\sparkpay.bulk_dispute_processor\target\classes started by USER in C:\Users\USER\Downloads\sparkpay.bulk_dispute_processor\sparkpay.bulk_dispute_processor)
2025-10-12T08:21:25.795+01:00  INFO 35652 --- [sparkpay.bulk_dispute_processor] [main] c.s.s.b.Application                      : No active profile set, falling back to 1 default profile: "default"
2025-10-12T08:21:32.063+01:00  INFO 35652 --- [sparkpay.bulk_dispute_processor] [main] o.s.b.w.embedded.tomcat.TomcatWebServer  : Tomcat initialized with port 8080 (http)
2025-10-12T08:21:32.151+01:00  INFO 35652 --- [sparkpay.bulk_dispute_processor] [main] o.apache.catalina.core.StandardService   : Starting service [Tomcat]
2025-10-12T08:21:32.153+01:00  INFO 35652 --- [sparkpay.bulk_dispute_processor] [main] o.apache.catalina.core.StandardEngine    : Starting Servlet engine: [Apache Tomcat/10.1.46]
2025-10-12T08:21:32.388+01:00  INFO 35652 --- [sparkpay.bulk_dispute_processor] [main] o.a.c.c.C.[Tomcat].[localhost].[/]       : Initializing Spring embedded WebApplicationContext
2025-10-12T08:21:32.388+01:00  INFO 35652 --- [sparkpay.bulk_dispute_processor] [main] w.s.c.ServletWebServerApplicationContext : Root WebApplicationContext: initialization completed in 6396 ms
2025-10-12T08:21:33.678+01:00  INFO 35652 --- [sparkpay.bulk_dispute_processor] [main] com.zaxxer.hikari.HikariDataSource       : HikariPool-1 - Starting...
2025-10-12T08:21:34.047+01:00  INFO 35652 --- [sparkpay.bulk_dispute_processor] [main] com.zaxxer.hikari.pool.HikariPool        : HikariPool-1 - Added connection com.mysql.cj.jdbc.ConnectionImpl@7c588adc
2025-10-12T08:21:34.055+01:00  INFO 35652 --- [sparkpay.bulk_dispute_processor] [main] com.zaxxer.hikari.HikariDataSource       : HikariPool-1 - Start completed.
2025-10-12T08:21:34.211+01:00  INFO 35652 --- [sparkpay.bulk_dispute_processor] [main] org.flywaydb.core.FlywayExecutor         : Database: jdbc:mysql://localhost:3306/bulk_dispute_db?useSSL=false&allowPublicKeyRetrieval=true&serverTimezone=UTC (MySQL 9.4)
2025-10-12T08:21:34.320+01:00  WARN 35652 --- [sparkpay.bulk_dispute_processor] [main] o.f.c.internal.database.base.Database    : Flyway upgrade recommended: MySQL 9.4 is newer than this version of Flyway and support has not been tested. The latest supported version of MySQL is 8.1.
2025-10-12T08:21:34.485+01:00  INFO 35652 --- [sparkpay.bulk_dispute_processor] [main] o.f.core.internal.command.DbMigrate      : Current version of schema `bulk_dispute_db`: 1
2025-10-12T08:21:34.509+01:00  INFO 35652 --- [sparkpay.bulk_dispute_processor] [main] o.f.core.internal.command.DbMigrate      : Schema `bulk_dispute_db` is up to date. No migration necessary.
2025-10-12T08:21:36.502+01:00  INFO 35652 --- [sparkpay.bulk_dispute_processor] [main] o.s.v.b.OptionalValidatorFactoryBean     : Failed to set up a Bean Validation provider: jakarta.validation.NoProviderFoundException: Unable to create a Configuration, because no Jakarta Bean Validation provider could be found. Add a provider like Hibernate Validator (RI) to your classpath.
2025-10-12T08:21:38.855+01:00  INFO 35652 --- [sparkpay.bulk_dispute_processor] [main] o.s.b.w.embedded.tomcat.TomcatWebServer  : Tomcat started on port 8080 (http) with context path '/'
2025-10-12T08:21:38.862+01:00  INFO 35652 --- [sparkpay.bulk_dispute_processor] [main] o.s.a.r.c.CachingConnectionFactory       : Attempting to connect to: [localhost:5672]
2025-10-12T08:21:39.037+01:00  INFO 35652 --- [sparkpay.bulk_dispute_processor] [main] o.s.a.r.c.CachingConnectionFactory       : Created new connection: rabbitConnectionFactory#63485d7:0/SimpleConnection@4f4d05b3 [delegate=amqp://admin@127.0.0.1:5672/, localPort=51172]
2025-10-12T08:21:39.414+01:00  INFO 35652 --- [sparkpay.bulk_dispute_processor] [main] c.s.s.b.Application                      : Started Application in 16.029 seconds (process running for 17.719)
2025-10-12T08:21:39.422+01:00  INFO 35652 --- [sparkpay.bulk_dispute_processor] [main] o.s.b.a.b.JobLauncherApplicationRunner   : Running default command line with: []
2025-10-12T09:17:20.634+01:00  INFO 31596 --- [sparkpay.bulk_dispute_processor] [main] c.s.s.b.Application                      : Starting Application using Java 20.0.2 with PID 31596 (C:\Users\USER\Downloads\sparkpay.bulk_dispute_processor\sparkpay.bulk_dispute_processor\target\classes started by USER in C:\Users\USER\Downloads\sparkpay.bulk_dispute_processor\sparkpay.bulk_dispute_processor)
2025-10-12T09:17:20.638+01:00  INFO 31596 --- [sparkpay.bulk_dispute_processor] [main] c.s.s.b.Application                      : No active profile set, falling back to 1 default profile: "default"
2025-10-12T09:17:23.251+01:00  INFO 31596 --- [sparkpay.bulk_dispute_processor] [main] o.s.b.w.embedded.tomcat.TomcatWebServer  : Tomcat initialized with port 8080 (http)
2025-10-12T09:17:23.280+01:00  INFO 31596 --- [sparkpay.bulk_dispute_processor] [main] o.apache.catalina.core.StandardService   : Starting service [Tomcat]
2025-10-12T09:17:23.281+01:00  INFO 31596 --- [sparkpay.bulk_dispute_processor] [main] o.apache.catalina.core.StandardEngine    : Starting Servlet engine: [Apache Tomcat/10.1.46]
2025-10-12T09:17:23.405+01:00  INFO 31596 --- [sparkpay.bulk_dispute_processor] [main] o.a.c.c.C.[Tomcat].[localhost].[/]       : Initializing Spring embedded WebApplicationContext
2025-10-12T09:17:23.407+01:00  INFO 31596 --- [sparkpay.bulk_dispute_processor] [main] w.s.c.ServletWebServerApplicationContext : Root WebApplicationContext: initialization completed in 2692 ms
2025-10-12T09:17:23.890+01:00  INFO 31596 --- [sparkpay.bulk_dispute_processor] [main] com.zaxxer.hikari.HikariDataSource       : HikariPool-1 - Starting...
2025-10-12T09:17:24.159+01:00  INFO 31596 --- [sparkpay.bulk_dispute_processor] [main] com.zaxxer.hikari.pool.HikariPool        : HikariPool-1 - Added connection com.mysql.cj.jdbc.ConnectionImpl@256bb5be
2025-10-12T09:17:24.163+01:00  INFO 31596 --- [sparkpay.bulk_dispute_processor] [main] com.zaxxer.hikari.HikariDataSource       : HikariPool-1 - Start completed.
2025-10-12T09:17:24.262+01:00  INFO 31596 --- [sparkpay.bulk_dispute_processor] [main] org.flywaydb.core.FlywayExecutor         : Database: jdbc:mysql://localhost:3306/bulk_dispute_db?useSSL=false&allowPublicKeyRetrieval=true&serverTimezone=UTC (MySQL 9.4)
2025-10-12T09:17:24.336+01:00  WARN 31596 --- [sparkpay.bulk_dispute_processor] [main] o.f.c.internal.database.base.Database    : Flyway upgrade recommended: MySQL 9.4 is newer than this version of Flyway and support has not been tested. The latest supported version of MySQL is 8.1.
2025-10-12T09:17:24.425+01:00  INFO 31596 --- [sparkpay.bulk_dispute_processor] [main] o.f.core.internal.command.DbMigrate      : Current version of schema `bulk_dispute_db`: 1
2025-10-12T09:17:24.433+01:00  INFO 31596 --- [sparkpay.bulk_dispute_processor] [main] o.f.core.internal.command.DbMigrate      : Schema `bulk_dispute_db` is up to date. No migration necessary.
2025-10-12T09:17:25.176+01:00  INFO 31596 --- [sparkpay.bulk_dispute_processor] [main] o.s.v.b.OptionalValidatorFactoryBean     : Failed to set up a Bean Validation provider: jakarta.validation.NoProviderFoundException: Unable to create a Configuration, because no Jakarta Bean Validation provider could be found. Add a provider like Hibernate Validator (RI) to your classpath.
2025-10-12T09:17:25.909+01:00  INFO 31596 --- [sparkpay.bulk_dispute_processor] [main] o.s.b.w.embedded.tomcat.TomcatWebServer  : Tomcat started on port 8080 (http) with context path '/'
2025-10-12T09:17:25.914+01:00  INFO 31596 --- [sparkpay.bulk_dispute_processor] [main] o.s.a.r.c.CachingConnectionFactory       : Attempting to connect to: [localhost:5672]
2025-10-12T09:17:26.012+01:00  INFO 31596 --- [sparkpay.bulk_dispute_processor] [main] o.s.a.r.c.CachingConnectionFactory       : Created new connection: rabbitConnectionFactory#61808ecd:0/SimpleConnection@2864d34d [delegate=amqp://admin@127.0.0.1:5672/, localPort=65152]
2025-10-12T09:17:26.126+01:00  INFO 31596 --- [sparkpay.bulk_dispute_processor] [main] c.s.s.b.Application                      : Started Application in 6.33 seconds (process running for 7.013)
2025-10-12T09:17:26.130+01:00  INFO 31596 --- [sparkpay.bulk_dispute_processor] [main] o.s.b.a.b.JobLauncherApplicationRunner   : Running default command line with: []
2025-10-12T09:18:27.425+01:00  INFO 31596 --- [sparkpay.bulk_dispute_processor] [http-nio-8080-exec-1] o.a.c.c.C.[Tomcat].[localhost].[/]       : Initializing Spring DispatcherServlet 'dispatcherServlet'
2025-10-12T09:18:27.426+01:00  INFO 31596 --- [sparkpay.bulk_dispute_processor] [http-nio-8080-exec-1] o.s.web.servlet.DispatcherServlet        : Initializing Servlet 'dispatcherServlet'
2025-10-12T09:18:27.429+01:00  INFO 31596 --- [sparkpay.bulk_dispute_processor] [http-nio-8080-exec-1] o.s.web.servlet.DispatcherServlet        : Completed initialization in 2 ms
2025-10-12T09:18:28.864+01:00  INFO 31596 --- [sparkpay.bulk_dispute_processor] [http-nio-8080-exec-9] o.springdoc.api.AbstractOpenApiResource  : Init duration for springdoc-openapi is: 568 ms
2025-10-12T09:26:49.324+01:00  INFO 31596 --- [sparkpay.bulk_dispute_processor] [org.springframework.amqp.rabbit.RabbitListenerEndpointContainer#0-2] o.s.a.r.l.SimpleMessageListenerContainer : Waiting for workers to finish.
2025-10-12T09:26:50.102+01:00  INFO 31596 --- [sparkpay.bulk_dispute_processor] [org.springframework.amqp.rabbit.RabbitListenerEndpointContainer#0-2] o.s.a.r.l.SimpleMessageListenerContainer : Successfully waited for workers to finish.
2025-10-12T09:26:50.207+01:00  INFO 31596 --- [sparkpay.bulk_dispute_processor] [SpringApplicationShutdownHook] o.s.b.w.e.tomcat.GracefulShutdown        : Commencing graceful shutdown. Waiting for active requests to complete
2025-10-12T09:28:39.928+01:00  INFO 16448 --- [sparkpay.bulk_dispute_processor] [main] c.s.s.b.Application                      : Starting Application using Java 20.0.2 with PID 16448 (C:\Users\USER\Downloads\sparkpay.bulk_dispute_processor\sparkpay.bulk_dispute_processor\target\classes started by USER in C:\Users\USER\Downloads\sparkpay.bulk_dispute_processor\sparkpay.bulk_dispute_processor)
2025-10-12T09:28:39.931+01:00  INFO 16448 --- [sparkpay.bulk_dispute_processor] [main] c.s.s.b.Application                      : No active profile set, falling back to 1 default profile: "default"
2025-10-12T09:28:42.522+01:00  INFO 16448 --- [sparkpay.bulk_dispute_processor] [main] o.s.b.w.embedded.tomcat.TomcatWebServer  : Tomcat initialized with port 8080 (http)
2025-10-12T09:28:42.574+01:00  INFO 16448 --- [sparkpay.bulk_dispute_processor] [main] o.apache.catalina.core.StandardService   : Starting service [Tomcat]
2025-10-12T09:28:42.576+01:00  INFO 16448 --- [sparkpay.bulk_dispute_processor] [main] o.apache.catalina.core.StandardEngine    : Starting Servlet engine: [Apache Tomcat/10.1.46]
2025-10-12T09:28:42.725+01:00  INFO 16448 --- [sparkpay.bulk_dispute_processor] [main] o.a.c.c.C.[Tomcat].[localhost].[/]       : Initializing Spring embedded WebApplicationContext
2025-10-12T09:28:42.726+01:00  INFO 16448 --- [sparkpay.bulk_dispute_processor] [main] w.s.c.ServletWebServerApplicationContext : Root WebApplicationContext: initialization completed in 2726 ms
2025-10-12T09:28:43.295+01:00  INFO 16448 --- [sparkpay.bulk_dispute_processor] [main] com.zaxxer.hikari.HikariDataSource       : HikariPool-1 - Starting...
2025-10-12T09:28:43.555+01:00  INFO 16448 --- [sparkpay.bulk_dispute_processor] [main] com.zaxxer.hikari.pool.HikariPool        : HikariPool-1 - Added connection com.mysql.cj.jdbc.ConnectionImpl@256bb5be
2025-10-12T09:28:43.559+01:00  INFO 16448 --- [sparkpay.bulk_dispute_processor] [main] com.zaxxer.hikari.HikariDataSource       : HikariPool-1 - Start completed.
2025-10-12T09:28:43.631+01:00  INFO 16448 --- [sparkpay.bulk_dispute_processor] [main] org.flywaydb.core.FlywayExecutor         : Database: jdbc:mysql://localhost:3306/bulk_dispute_db?useSSL=false&allowPublicKeyRetrieval=true&serverTimezone=UTC (MySQL 9.4)
2025-10-12T09:28:43.675+01:00  WARN 16448 --- [sparkpay.bulk_dispute_processor] [main] o.f.c.internal.database.base.Database    : Flyway upgrade recommended: MySQL 9.4 is newer than this version of Flyway and support has not been tested. The latest supported version of MySQL is 8.1.
2025-10-12T09:28:43.741+01:00  INFO 16448 --- [sparkpay.bulk_dispute_processor] [main] o.f.core.internal.command.DbMigrate      : Current version of schema `bulk_dispute_db`: 1
2025-10-12T09:28:43.746+01:00  INFO 16448 --- [sparkpay.bulk_dispute_processor] [main] o.f.core.internal.command.DbMigrate      : Schema `bulk_dispute_db` is up to date. No migration necessary.
2025-10-12T09:28:44.452+01:00  INFO 16448 --- [sparkpay.bulk_dispute_processor] [main] o.s.v.b.OptionalValidatorFactoryBean     : Failed to set up a Bean Validation provider: jakarta.validation.NoProviderFoundException: Unable to create a Configuration, because no Jakarta Bean Validation provider could be found. Add a provider like Hibernate Validator (RI) to your classpath.
2025-10-12T09:28:45.185+01:00  INFO 16448 --- [sparkpay.bulk_dispute_processor] [main] o.s.b.w.embedded.tomcat.TomcatWebServer  : Tomcat started on port 8080 (http) with context path '/'
2025-10-12T09:28:45.189+01:00  INFO 16448 --- [sparkpay.bulk_dispute_processor] [main] o.s.a.r.c.CachingConnectionFactory       : Attempting to connect to: [localhost:5672]
2025-10-12T09:28:45.275+01:00  INFO 16448 --- [sparkpay.bulk_dispute_processor] [main] o.s.a.r.c.CachingConnectionFactory       : Created new connection: rabbitConnectionFactory#61808ecd:0/SimpleConnection@2864d34d [delegate=amqp://admin@127.0.0.1:5672/, localPort=62088]
2025-10-12T09:28:45.377+01:00  INFO 16448 --- [sparkpay.bulk_dispute_processor] [main] c.s.s.b.Application                      : Started Application in 6.176 seconds (process running for 6.677)
2025-10-12T09:28:45.384+01:00  INFO 16448 --- [sparkpay.bulk_dispute_processor] [main] o.s.b.a.b.JobLauncherApplicationRunner   : Running default command line with: []
2025-10-12T09:29:05.141+01:00  INFO 16448 --- [sparkpay.bulk_dispute_processor] [http-nio-8080-exec-1] o.a.c.c.C.[Tomcat].[localhost].[/]       : Initializing Spring DispatcherServlet 'dispatcherServlet'
2025-10-12T09:29:05.142+01:00  INFO 16448 --- [sparkpay.bulk_dispute_processor] [http-nio-8080-exec-1] o.s.web.servlet.DispatcherServlet        : Initializing Servlet 'dispatcherServlet'
2025-10-12T09:29:05.144+01:00  INFO 16448 --- [sparkpay.bulk_dispute_processor] [http-nio-8080-exec-1] o.s.web.servlet.DispatcherServlet        : Completed initialization in 0 ms
2025-10-12T09:29:05.850+01:00  INFO 16448 --- [sparkpay.bulk_dispute_processor] [http-nio-8080-exec-5] o.springdoc.api.AbstractOpenApiResource  : Init duration for springdoc-openapi is: 301 ms
2025-10-12T09:31:01.303+01:00  INFO 16448 --- [sparkpay.bulk_dispute_processor] [org.springframework.amqp.rabbit.RabbitListenerEndpointContainer#0-2] o.s.a.r.l.SimpleMessageListenerContainer : Waiting for workers to finish.
2025-10-12T09:31:01.601+01:00  INFO 16448 --- [sparkpay.bulk_dispute_processor] [org.springframework.amqp.rabbit.RabbitListenerEndpointContainer#0-2] o.s.a.r.l.SimpleMessageListenerContainer : Successfully waited for workers to finish.
2025-10-12T09:31:01.603+01:00  INFO 16448 --- [sparkpay.bulk_dispute_processor] [SpringApplicationShutdownHook] o.s.b.w.e.tomcat.GracefulShutdown        : Commencing graceful shutdown. Waiting for active requests to complete
2025-10-12T09:31:02.596+01:00  INFO 16448 --- [sparkpay.bulk_dispute_processor] [tomcat-shutdown] o.s.b.w.e.tomcat.GracefulShutdown        : Graceful shutdown complete
2025-10-12T09:31:02.611+01:00  INFO 16448 --- [sparkpay.bulk_dispute_processor] [SpringApplicationShutdownHook] com.zaxxer.hikari.HikariDataSource       : HikariPool-1 - Shutdown initiated...
2025-10-12T09:31:02.623+01:00  INFO 16448 --- [sparkpay.bulk_dispute_processor] [SpringApplicationShutdownHook] com.zaxxer.hikari.HikariDataSource       : HikariPool-1 - Shutdown completed.
2025-10-12T09:37:40.426+01:00  INFO 2212 --- [sparkpay.bulk_dispute_processor] [main] c.s.s.b.Application                      : Starting Application using Java 20.0.2 with PID 2212 (C:\Users\USER\Downloads\sparkpay.bulk_dispute_processor\sparkpay.bulk_dispute_processor\target\classes started by USER in C:\Users\USER\Downloads\sparkpay.bulk_dispute_processor\sparkpay.bulk_dispute_processor)
2025-10-12T09:37:40.429+01:00  INFO 2212 --- [sparkpay.bulk_dispute_processor] [main] c.s.s.b.Application                      : No active profile set, falling back to 1 default profile: "default"
2025-10-12T09:37:42.632+01:00  INFO 2212 --- [sparkpay.bulk_dispute_processor] [main] o.s.b.w.embedded.tomcat.TomcatWebServer  : Tomcat initialized with port 8080 (http)
2025-10-12T09:37:42.653+01:00  INFO 2212 --- [sparkpay.bulk_dispute_processor] [main] o.apache.catalina.core.StandardService   : Starting service [Tomcat]
2025-10-12T09:37:42.654+01:00  INFO 2212 --- [sparkpay.bulk_dispute_processor] [main] o.apache.catalina.core.StandardEngine    : Starting Servlet engine: [Apache Tomcat/10.1.46]
2025-10-12T09:37:42.758+01:00  INFO 2212 --- [sparkpay.bulk_dispute_processor] [main] o.a.c.c.C.[Tomcat].[localhost].[/]       : Initializing Spring embedded WebApplicationContext
2025-10-12T09:37:42.758+01:00  INFO 2212 --- [sparkpay.bulk_dispute_processor] [main] w.s.c.ServletWebServerApplicationContext : Root WebApplicationContext: initialization completed in 2246 ms
2025-10-12T09:37:43.252+01:00  INFO 2212 --- [sparkpay.bulk_dispute_processor] [main] com.zaxxer.hikari.HikariDataSource       : HikariPool-1 - Starting...
2025-10-12T09:37:43.566+01:00  INFO 2212 --- [sparkpay.bulk_dispute_processor] [main] com.zaxxer.hikari.pool.HikariPool        : HikariPool-1 - Added connection com.mysql.cj.jdbc.ConnectionImpl@256bb5be
2025-10-12T09:37:43.569+01:00  INFO 2212 --- [sparkpay.bulk_dispute_processor] [main] com.zaxxer.hikari.HikariDataSource       : HikariPool-1 - Start completed.
2025-10-12T09:37:43.651+01:00  INFO 2212 --- [sparkpay.bulk_dispute_processor] [main] org.flywaydb.core.FlywayExecutor         : Database: jdbc:mysql://localhost:3306/bulk_dispute_db?useSSL=false&allowPublicKeyRetrieval=true&serverTimezone=UTC (MySQL 9.4)
2025-10-12T09:37:43.702+01:00  WARN 2212 --- [sparkpay.bulk_dispute_processor] [main] o.f.c.internal.database.base.Database    : Flyway upgrade recommended: MySQL 9.4 is newer than this version of Flyway and support has not been tested. The latest supported version of MySQL is 8.1.
2025-10-12T09:37:43.784+01:00  INFO 2212 --- [sparkpay.bulk_dispute_processor] [main] o.f.core.internal.command.DbMigrate      : Current version of schema `bulk_dispute_db`: 1
2025-10-12T09:37:43.790+01:00  INFO 2212 --- [sparkpay.bulk_dispute_processor] [main] o.f.core.internal.command.DbMigrate      : Schema `bulk_dispute_db` is up to date. No migration necessary.
2025-10-12T09:37:44.503+01:00  INFO 2212 --- [sparkpay.bulk_dispute_processor] [main] o.s.v.b.OptionalValidatorFactoryBean     : Failed to set up a Bean Validation provider: jakarta.validation.NoProviderFoundException: Unable to create a Configuration, because no Jakarta Bean Validation provider could be found. Add a provider like Hibernate Validator (RI) to your classpath.
2025-10-12T09:37:45.220+01:00  INFO 2212 --- [sparkpay.bulk_dispute_processor] [main] o.s.b.w.embedded.tomcat.TomcatWebServer  : Tomcat started on port 8080 (http) with context path '/'
2025-10-12T09:37:45.223+01:00  INFO 2212 --- [sparkpay.bulk_dispute_processor] [main] o.s.a.r.c.CachingConnectionFactory       : Attempting to connect to: [localhost:5672]
2025-10-12T09:37:45.323+01:00  INFO 2212 --- [sparkpay.bulk_dispute_processor] [main] o.s.a.r.c.CachingConnectionFactory       : Created new connection: rabbitConnectionFactory#61808ecd:0/SimpleConnection@2864d34d [delegate=amqp://admin@127.0.0.1:5672/, localPort=56588]
2025-10-12T09:37:45.419+01:00  INFO 2212 --- [sparkpay.bulk_dispute_processor] [main] c.s.s.b.Application                      : Started Application in 5.735 seconds (process running for 6.274)
2025-10-12T09:37:45.423+01:00  INFO 2212 --- [sparkpay.bulk_dispute_processor] [main] o.s.b.a.b.JobLauncherApplicationRunner   : Running default command line with: []
2025-10-12T09:38:00.793+01:00  INFO 2212 --- [sparkpay.bulk_dispute_processor] [http-nio-8080-exec-1] o.a.c.c.C.[Tomcat].[localhost].[/]       : Initializing Spring DispatcherServlet 'dispatcherServlet'
2025-10-12T09:38:00.794+01:00  INFO 2212 --- [sparkpay.bulk_dispute_processor] [http-nio-8080-exec-1] o.s.web.servlet.DispatcherServlet        : Initializing Servlet 'dispatcherServlet'
2025-10-12T09:38:00.796+01:00  INFO 2212 --- [sparkpay.bulk_dispute_processor] [http-nio-8080-exec-1] o.s.web.servlet.DispatcherServlet        : Completed initialization in 2 ms
2025-10-12T09:38:00.902+01:00  INFO 2212 --- [sparkpay.bulk_dispute_processor] [http-nio-8080-exec-1] c.s.s.b.s.BulkDisputeSessionServiceImpl  : Uploading session file: dispute_bulk_accept_reject (6).csv
2025-10-12T09:38:00.907+01:00 DEBUG 2212 --- [sparkpay.bulk_dispute_processor] [http-nio-8080-exec-1] o.s.jdbc.core.JdbcTemplate               : Executing SQL update and returning generated keys
2025-10-12T09:38:00.908+01:00 DEBUG 2212 --- [sparkpay.bulk_dispute_processor] [http-nio-8080-exec-1] o.s.jdbc.core.JdbcTemplate               : Executing prepared SQL statement
2025-10-12T09:38:00.985+01:00  INFO 2212 --- [sparkpay.bulk_dispute_processor] [http-nio-8080-exec-1] c.s.s.b.service.FileServiceImpl          : Saved session file: C:\Users\USER\Downloads\sparkpay.bulk_dispute_processor\sparkpay.bulk_dispute_processor\uploads\5.csv
2025-10-12T09:38:00.987+01:00 DEBUG 2212 --- [sparkpay.bulk_dispute_processor] [http-nio-8080-exec-1] o.s.jdbc.core.JdbcTemplate               : Executing prepared SQL update
2025-10-12T09:38:00.988+01:00 DEBUG 2212 --- [sparkpay.bulk_dispute_processor] [http-nio-8080-exec-1] o.s.jdbc.core.JdbcTemplate               : Executing prepared SQL statement [UPDATE bulk_dispute_session SET uploaded_by=?, file_path=?, file_name=?, status=?, total_rows=?, valid_rows=?, invalid_rows=?, error_summary=?, version=? WHERE id=? AND version=?]
2025-10-12T09:38:00.992+01:00 DEBUG 2212 --- [sparkpay.bulk_dispute_processor] [http-nio-8080-exec-1] o.s.jdbc.core.StatementCreatorUtils      : JDBC getParameterType call failed - using fallback method instead: java.sql.SQLException: Parameter metadata not available for the given statement
2025-10-12T09:38:01.006+01:00  INFO 2212 --- [sparkpay.bulk_dispute_processor] [http-nio-8080-exec-1] c.s.s.b.s.CsvValidationServiceImpl       : Parsed headers: [Unique Key	Action	Proof(Optional)]
2025-10-12T09:38:01.008+01:00  INFO 2212 --- [sparkpay.bulk_dispute_processor] [http-nio-8080-exec-1] c.s.s.b.s.CsvValidationServiceImpl       : Required columns: [Unique Key, Action]
2025-10-12T09:38:01.010+01:00  WARN 2212 --- [sparkpay.bulk_dispute_processor] [http-nio-8080-exec-1] c.s.s.b.s.CsvValidationServiceImpl       : Missing required column: Unique Key (available: [Unique Key	Action	Proof(Optional)])
2025-10-12T09:38:01.011+01:00  WARN 2212 --- [sparkpay.bulk_dispute_processor] [http-nio-8080-exec-1] c.s.s.b.s.CsvValidationServiceImpl       : Missing required column: Action (available: [Unique Key	Action	Proof(Optional)])
2025-10-12T09:38:01.014+01:00 DEBUG 2212 --- [sparkpay.bulk_dispute_processor] [http-nio-8080-exec-1] o.s.jdbc.core.JdbcTemplate               : Executing prepared SQL update
2025-10-12T09:38:01.014+01:00 DEBUG 2212 --- [sparkpay.bulk_dispute_processor] [http-nio-8080-exec-1] o.s.jdbc.core.JdbcTemplate               : Executing prepared SQL statement [UPDATE bulk_dispute_session SET uploaded_by=?, file_path=?, file_name=?, status=?, total_rows=?, valid_rows=?, invalid_rows=?, error_summary=?, version=? WHERE id=? AND version=?]
2025-10-12T09:38:29.678+01:00  INFO 2212 --- [sparkpay.bulk_dispute_processor] [http-nio-8080-exec-2] c.s.s.b.s.BulkDisputeSessionServiceImpl  : Uploading session file: dispute upload template.csv
2025-10-12T09:38:29.678+01:00 DEBUG 2212 --- [sparkpay.bulk_dispute_processor] [http-nio-8080-exec-2] o.s.jdbc.core.JdbcTemplate               : Executing SQL update and returning generated keys
2025-10-12T09:38:29.680+01:00 DEBUG 2212 --- [sparkpay.bulk_dispute_processor] [http-nio-8080-exec-2] o.s.jdbc.core.JdbcTemplate               : Executing prepared SQL statement
2025-10-12T09:38:29.696+01:00  INFO 2212 --- [sparkpay.bulk_dispute_processor] [http-nio-8080-exec-2] c.s.s.b.service.FileServiceImpl          : Saved session file: C:\Users\USER\Downloads\sparkpay.bulk_dispute_processor\sparkpay.bulk_dispute_processor\uploads\6.csv
2025-10-12T09:38:29.698+01:00 DEBUG 2212 --- [sparkpay.bulk_dispute_processor] [http-nio-8080-exec-2] o.s.jdbc.core.JdbcTemplate               : Executing prepared SQL update
2025-10-12T09:38:29.698+01:00 DEBUG 2212 --- [sparkpay.bulk_dispute_processor] [http-nio-8080-exec-2] o.s.jdbc.core.JdbcTemplate               : Executing prepared SQL statement [UPDATE bulk_dispute_session SET uploaded_by=?, file_path=?, file_name=?, status=?, total_rows=?, valid_rows=?, invalid_rows=?, error_summary=?, version=? WHERE id=? AND version=?]
2025-10-12T09:38:29.700+01:00 DEBUG 2212 --- [sparkpay.bulk_dispute_processor] [http-nio-8080-exec-2] o.s.jdbc.core.StatementCreatorUtils      : JDBC getParameterType call failed - using fallback method instead: java.sql.SQLException: Parameter metadata not available for the given statement
2025-10-12T09:38:29.709+01:00  INFO 2212 --- [sparkpay.bulk_dispute_processor] [http-nio-8080-exec-2] c.s.s.b.s.CsvValidationServiceImpl       : Parsed headers: [Unique Key, Action, Proof(Optional)]
2025-10-12T09:38:29.712+01:00  INFO 2212 --- [sparkpay.bulk_dispute_processor] [http-nio-8080-exec-2] c.s.s.b.s.CsvValidationServiceImpl       : Required columns: [Unique Key, Action]
2025-10-12T09:38:29.712+01:00 DEBUG 2212 --- [sparkpay.bulk_dispute_processor] [http-nio-8080-exec-2] o.s.jdbc.core.JdbcTemplate               : Executing prepared SQL update
2025-10-12T09:38:29.712+01:00 DEBUG 2212 --- [sparkpay.bulk_dispute_processor] [http-nio-8080-exec-2] o.s.jdbc.core.JdbcTemplate               : Executing prepared SQL statement [UPDATE bulk_dispute_session SET uploaded_by=?, file_path=?, file_name=?, status=?, total_rows=?, valid_rows=?, invalid_rows=?, error_summary=?, version=? WHERE id=? AND version=?]
2025-10-12T09:41:35.863+01:00  INFO 2212 --- [sparkpay.bulk_dispute_processor] [http-nio-8080-exec-3] o.springdoc.api.AbstractOpenApiResource  : Init duration for springdoc-openapi is: 461 ms
2025-10-12T09:41:45.896+01:00  INFO 2212 --- [sparkpay.bulk_dispute_processor] [http-nio-8080-exec-5] c.s.s.b.s.BulkDisputeSessionServiceImpl  : Uploading session file: dispute upload template.csv
2025-10-12T09:41:45.897+01:00 DEBUG 2212 --- [sparkpay.bulk_dispute_processor] [http-nio-8080-exec-5] o.s.jdbc.core.JdbcTemplate               : Executing SQL update and returning generated keys
2025-10-12T09:41:45.898+01:00 DEBUG 2212 --- [sparkpay.bulk_dispute_processor] [http-nio-8080-exec-5] o.s.jdbc.core.JdbcTemplate               : Executing prepared SQL statement
2025-10-12T09:41:45.915+01:00  INFO 2212 --- [sparkpay.bulk_dispute_processor] [http-nio-8080-exec-5] c.s.s.b.service.FileServiceImpl          : Saved session file: C:\Users\USER\Downloads\sparkpay.bulk_dispute_processor\sparkpay.bulk_dispute_processor\uploads\7.csv
2025-10-12T09:41:45.916+01:00 DEBUG 2212 --- [sparkpay.bulk_dispute_processor] [http-nio-8080-exec-5] o.s.jdbc.core.JdbcTemplate               : Executing prepared SQL update
2025-10-12T09:41:45.916+01:00 DEBUG 2212 --- [sparkpay.bulk_dispute_processor] [http-nio-8080-exec-5] o.s.jdbc.core.JdbcTemplate               : Executing prepared SQL statement [UPDATE bulk_dispute_session SET uploaded_by=?, file_path=?, file_name=?, status=?, total_rows=?, valid_rows=?, invalid_rows=?, error_summary=?, version=? WHERE id=? AND version=?]
2025-10-12T09:41:45.917+01:00 DEBUG 2212 --- [sparkpay.bulk_dispute_processor] [http-nio-8080-exec-5] o.s.jdbc.core.StatementCreatorUtils      : JDBC getParameterType call failed - using fallback method instead: java.sql.SQLException: Parameter metadata not available for the given statement
2025-10-12T09:41:45.925+01:00  INFO 2212 --- [sparkpay.bulk_dispute_processor] [http-nio-8080-exec-5] c.s.s.b.s.CsvValidationServiceImpl       : Parsed headers: [Unique Key, Action, Proof(Optional)]
2025-10-12T09:41:45.927+01:00  INFO 2212 --- [sparkpay.bulk_dispute_processor] [http-nio-8080-exec-5] c.s.s.b.s.CsvValidationServiceImpl       : Required columns: [Unique Key, Action]
2025-10-12T09:41:45.929+01:00 DEBUG 2212 --- [sparkpay.bulk_dispute_processor] [http-nio-8080-exec-5] o.s.jdbc.core.JdbcTemplate               : Executing prepared SQL update
2025-10-12T09:41:45.929+01:00 DEBUG 2212 --- [sparkpay.bulk_dispute_processor] [http-nio-8080-exec-5] o.s.jdbc.core.JdbcTemplate               : Executing prepared SQL statement [UPDATE bulk_dispute_session SET uploaded_by=?, file_path=?, file_name=?, status=?, total_rows=?, valid_rows=?, invalid_rows=?, error_summary=?, version=? WHERE id=? AND version=?]
2025-10-12T09:41:45.931+01:00 DEBUG 2212 --- [sparkpay.bulk_dispute_processor] [http-nio-8080-exec-5] o.s.jdbc.core.StatementCreatorUtils      : JDBC getParameterType call failed - using fallback method instead: java.sql.SQLException: Parameter metadata not available for the given statement
2025-10-12T09:49:35.709+01:00  INFO 2212 --- [sparkpay.bulk_dispute_processor] [org.springframework.amqp.rabbit.RabbitListenerEndpointContainer#0-2] o.s.a.r.l.SimpleMessageListenerContainer : Waiting for workers to finish.
2025-10-12T09:49:36.300+01:00  INFO 2212 --- [sparkpay.bulk_dispute_processor] [org.springframework.amqp.rabbit.RabbitListenerEndpointContainer#0-2] o.s.a.r.l.SimpleMessageListenerContainer : Successfully waited for workers to finish.
2025-10-12T09:49:36.311+01:00  INFO 2212 --- [sparkpay.bulk_dispute_processor] [SpringApplicationShutdownHook] o.s.b.w.e.tomcat.GracefulShutdown        : Commencing graceful shutdown. Waiting for active requests to complete
2025-10-12T09:49:37.227+01:00  INFO 2212 --- [sparkpay.bulk_dispute_processor] [tomcat-shutdown] o.s.b.w.e.tomcat.GracefulShutdown        : Graceful shutdown complete
2025-10-12T09:49:37.244+01:00  INFO 2212 --- [sparkpay.bulk_dispute_processor] [SpringApplicationShutdownHook] com.zaxxer.hikari.HikariDataSource       : HikariPool-1 - Shutdown initiated...
2025-10-12T09:49:37.259+01:00  INFO 2212 --- [sparkpay.bulk_dispute_processor] [SpringApplicationShutdownHook] com.zaxxer.hikari.HikariDataSource       : HikariPool-1 - Shutdown completed.
2025-10-12T09:50:03.383+01:00  INFO 40656 --- [sparkpay.bulk_dispute_processor] [main] c.s.s.b.Application                      : Starting Application using Java 20.0.2 with PID 40656 (C:\Users\USER\Downloads\sparkpay.bulk_dispute_processor\sparkpay.bulk_dispute_processor\target\classes started by USER in C:\Users\USER\Downloads\sparkpay.bulk_dispute_processor\sparkpay.bulk_dispute_processor)
2025-10-12T09:50:03.387+01:00  INFO 40656 --- [sparkpay.bulk_dispute_processor] [main] c.s.s.b.Application                      : No active profile set, falling back to 1 default profile: "default"
2025-10-12T09:50:05.740+01:00  INFO 40656 --- [sparkpay.bulk_dispute_processor] [main] o.s.b.w.embedded.tomcat.TomcatWebServer  : Tomcat initialized with port 8080 (http)
2025-10-12T09:50:05.763+01:00  INFO 40656 --- [sparkpay.bulk_dispute_processor] [main] o.apache.catalina.core.StandardService   : Starting service [Tomcat]
2025-10-12T09:50:05.764+01:00  INFO 40656 --- [sparkpay.bulk_dispute_processor] [main] o.apache.catalina.core.StandardEngine    : Starting Servlet engine: [Apache Tomcat/10.1.46]
2025-10-12T09:50:05.867+01:00  INFO 40656 --- [sparkpay.bulk_dispute_processor] [main] o.a.c.c.C.[Tomcat].[localhost].[/]       : Initializing Spring embedded WebApplicationContext
2025-10-12T09:50:05.868+01:00  INFO 40656 --- [sparkpay.bulk_dispute_processor] [main] w.s.c.ServletWebServerApplicationContext : Root WebApplicationContext: initialization completed in 2385 ms
2025-10-12T09:50:06.236+01:00  INFO 40656 --- [sparkpay.bulk_dispute_processor] [main] com.zaxxer.hikari.HikariDataSource       : HikariPool-1 - Starting...
2025-10-12T09:50:06.468+01:00  INFO 40656 --- [sparkpay.bulk_dispute_processor] [main] com.zaxxer.hikari.pool.HikariPool        : HikariPool-1 - Added connection com.mysql.cj.jdbc.ConnectionImpl@119290b9
2025-10-12T09:50:06.471+01:00  INFO 40656 --- [sparkpay.bulk_dispute_processor] [main] com.zaxxer.hikari.HikariDataSource       : HikariPool-1 - Start completed.
2025-10-12T09:50:06.540+01:00  INFO 40656 --- [sparkpay.bulk_dispute_processor] [main] org.flywaydb.core.FlywayExecutor         : Database: jdbc:mysql://localhost:3306/bulk_dispute_db?useSSL=false&allowPublicKeyRetrieval=true&serverTimezone=UTC (MySQL 9.4)
2025-10-12T09:50:06.577+01:00  WARN 40656 --- [sparkpay.bulk_dispute_processor] [main] o.f.c.internal.database.base.Database    : Flyway upgrade recommended: MySQL 9.4 is newer than this version of Flyway and support has not been tested. The latest supported version of MySQL is 8.1.
2025-10-12T09:50:06.642+01:00  INFO 40656 --- [sparkpay.bulk_dispute_processor] [main] o.f.core.internal.command.DbMigrate      : Current version of schema `bulk_dispute_db`: 1
2025-10-12T09:50:06.648+01:00  INFO 40656 --- [sparkpay.bulk_dispute_processor] [main] o.f.core.internal.command.DbMigrate      : Schema `bulk_dispute_db` is up to date. No migration necessary.
2025-10-12T09:50:07.316+01:00  INFO 40656 --- [sparkpay.bulk_dispute_processor] [main] o.s.v.b.OptionalValidatorFactoryBean     : Failed to set up a Bean Validation provider: jakarta.validation.NoProviderFoundException: Unable to create a Configuration, because no Jakarta Bean Validation provider could be found. Add a provider like Hibernate Validator (RI) to your classpath.
2025-10-12T09:50:08.000+01:00  INFO 40656 --- [sparkpay.bulk_dispute_processor] [main] o.s.b.w.embedded.tomcat.TomcatWebServer  : Tomcat started on port 8080 (http) with context path '/'
2025-10-12T09:50:08.003+01:00  INFO 40656 --- [sparkpay.bulk_dispute_processor] [main] o.s.a.r.c.CachingConnectionFactory       : Attempting to connect to: [localhost:5672]
2025-10-12T09:50:08.089+01:00  INFO 40656 --- [sparkpay.bulk_dispute_processor] [main] o.s.a.r.c.CachingConnectionFactory       : Created new connection: rabbitConnectionFactory#3c28181b:0/SimpleConnection@33891646 [delegate=amqp://admin@127.0.0.1:5672/, localPort=58147]
2025-10-12T09:50:08.200+01:00  INFO 40656 --- [sparkpay.bulk_dispute_processor] [main] c.s.s.b.Application                      : Started Application in 5.761 seconds (process running for 6.47)
2025-10-12T09:50:08.207+01:00  INFO 40656 --- [sparkpay.bulk_dispute_processor] [main] o.s.b.a.b.JobLauncherApplicationRunner   : Running default command line with: []
2025-10-12T09:50:18.602+01:00  INFO 40656 --- [sparkpay.bulk_dispute_processor] [http-nio-8080-exec-1] o.a.c.c.C.[Tomcat].[localhost].[/]       : Initializing Spring DispatcherServlet 'dispatcherServlet'
2025-10-12T09:50:18.603+01:00  INFO 40656 --- [sparkpay.bulk_dispute_processor] [http-nio-8080-exec-1] o.s.web.servlet.DispatcherServlet        : Initializing Servlet 'dispatcherServlet'
2025-10-12T09:50:18.604+01:00  INFO 40656 --- [sparkpay.bulk_dispute_processor] [http-nio-8080-exec-1] o.s.web.servlet.DispatcherServlet        : Completed initialization in 1 ms
2025-10-12T09:50:18.685+01:00  INFO 40656 --- [sparkpay.bulk_dispute_processor] [http-nio-8080-exec-1] c.s.s.b.s.BulkDisputeSessionServiceImpl  : Uploading session file: dispute upload template.csv
2025-10-12T09:50:18.689+01:00 DEBUG 40656 --- [sparkpay.bulk_dispute_processor] [http-nio-8080-exec-1] o.s.jdbc.core.JdbcTemplate               : Executing SQL update and returning generated keys
2025-10-12T09:50:18.690+01:00 DEBUG 40656 --- [sparkpay.bulk_dispute_processor] [http-nio-8080-exec-1] o.s.jdbc.core.JdbcTemplate               : Executing prepared SQL statement
2025-10-12T09:50:18.723+01:00  INFO 40656 --- [sparkpay.bulk_dispute_processor] [http-nio-8080-exec-1] c.s.s.b.service.FileServiceImpl          : Saved session file: C:\Users\USER\Downloads\sparkpay.bulk_dispute_processor\sparkpay.bulk_dispute_processor\uploads\8.csv
2025-10-12T09:50:18.726+01:00 DEBUG 40656 --- [sparkpay.bulk_dispute_processor] [http-nio-8080-exec-1] o.s.jdbc.core.JdbcTemplate               : Executing prepared SQL update
2025-10-12T09:50:18.727+01:00 DEBUG 40656 --- [sparkpay.bulk_dispute_processor] [http-nio-8080-exec-1] o.s.jdbc.core.JdbcTemplate               : Executing prepared SQL statement [UPDATE bulk_dispute_session SET uploaded_by=?, file_path=?, file_name=?, status=?, total_rows=?, valid_rows=?, invalid_rows=?, error_summary=?, version=? WHERE id=? AND version=?]
2025-10-12T09:50:18.731+01:00 DEBUG 40656 --- [sparkpay.bulk_dispute_processor] [http-nio-8080-exec-1] o.s.jdbc.core.StatementCreatorUtils      : JDBC getParameterType call failed - using fallback method instead: java.sql.SQLException: Parameter metadata not available for the given statement
2025-10-12T09:50:18.746+01:00  INFO 40656 --- [sparkpay.bulk_dispute_processor] [http-nio-8080-exec-1] c.s.s.b.s.CsvValidationServiceImpl       : Parsed headers: [Unique Key, Action, Proof(Optional)]
2025-10-12T09:50:18.748+01:00  INFO 40656 --- [sparkpay.bulk_dispute_processor] [http-nio-8080-exec-1] c.s.s.b.s.CsvValidationServiceImpl       : Required columns: [Unique Key, Action]
2025-10-12T09:50:18.750+01:00 DEBUG 40656 --- [sparkpay.bulk_dispute_processor] [http-nio-8080-exec-1] o.s.jdbc.core.JdbcTemplate               : Executing prepared SQL update
2025-10-12T09:50:18.750+01:00 DEBUG 40656 --- [sparkpay.bulk_dispute_processor] [http-nio-8080-exec-1] o.s.jdbc.core.JdbcTemplate               : Executing prepared SQL statement [UPDATE bulk_dispute_session SET uploaded_by=?, file_path=?, file_name=?, status=?, total_rows=?, valid_rows=?, invalid_rows=?, error_summary=?, version=? WHERE id=? AND version=?]
2025-10-12T09:50:18.751+01:00 DEBUG 40656 --- [sparkpay.bulk_dispute_processor] [http-nio-8080-exec-1] o.s.jdbc.core.StatementCreatorUtils      : JDBC getParameterType call failed - using fallback method instead: java.sql.SQLException: Parameter metadata not available for the given statement
2025-10-12T09:56:01.268+01:00  INFO 40656 --- [sparkpay.bulk_dispute_processor] [org.springframework.amqp.rabbit.RabbitListenerEndpointContainer#0-2] o.s.a.r.l.SimpleMessageListenerContainer : Waiting for workers to finish.
2025-10-12T09:56:01.904+01:00  INFO 40656 --- [sparkpay.bulk_dispute_processor] [org.springframework.amqp.rabbit.RabbitListenerEndpointContainer#0-2] o.s.a.r.l.SimpleMessageListenerContainer : Successfully waited for workers to finish.
2025-10-12T09:56:01.908+01:00  INFO 40656 --- [sparkpay.bulk_dispute_processor] [SpringApplicationShutdownHook] o.s.b.w.e.tomcat.GracefulShutdown        : Commencing graceful shutdown. Waiting for active requests to complete
2025-10-12T09:56:03.461+01:00  INFO 40656 --- [sparkpay.bulk_dispute_processor] [tomcat-shutdown] o.s.b.w.e.tomcat.GracefulShutdown        : Graceful shutdown complete
2025-10-12T09:56:03.478+01:00  INFO 40656 --- [sparkpay.bulk_dispute_processor] [SpringApplicationShutdownHook] com.zaxxer.hikari.HikariDataSource       : HikariPool-1 - Shutdown initiated...
2025-10-12T09:56:03.502+01:00  INFO 40656 --- [sparkpay.bulk_dispute_processor] [SpringApplicationShutdownHook] com.zaxxer.hikari.HikariDataSource       : HikariPool-1 - Shutdown completed.
2025-10-12T09:56:24.113+01:00  INFO 39388 --- [sparkpay.bulk_dispute_processor] [main] c.s.s.b.Application                      : Starting Application using Java 20.0.2 with PID 39388 (C:\Users\USER\Downloads\sparkpay.bulk_dispute_processor\sparkpay.bulk_dispute_processor\target\classes started by USER in C:\Users\USER\Downloads\sparkpay.bulk_dispute_processor\sparkpay.bulk_dispute_processor)
2025-10-12T09:56:24.117+01:00  INFO 39388 --- [sparkpay.bulk_dispute_processor] [main] c.s.s.b.Application                      : No active profile set, falling back to 1 default profile: "default"
2025-10-12T09:56:26.537+01:00  INFO 39388 --- [sparkpay.bulk_dispute_processor] [main] o.s.b.w.embedded.tomcat.TomcatWebServer  : Tomcat initialized with port 8080 (http)
2025-10-12T09:56:26.559+01:00  INFO 39388 --- [sparkpay.bulk_dispute_processor] [main] o.apache.catalina.core.StandardService   : Starting service [Tomcat]
2025-10-12T09:56:26.560+01:00  INFO 39388 --- [sparkpay.bulk_dispute_processor] [main] o.apache.catalina.core.StandardEngine    : Starting Servlet engine: [Apache Tomcat/10.1.46]
2025-10-12T09:56:26.661+01:00  INFO 39388 --- [sparkpay.bulk_dispute_processor] [main] o.a.c.c.C.[Tomcat].[localhost].[/]       : Initializing Spring embedded WebApplicationContext
2025-10-12T09:56:26.662+01:00  INFO 39388 --- [sparkpay.bulk_dispute_processor] [main] w.s.c.ServletWebServerApplicationContext : Root WebApplicationContext: initialization completed in 2457 ms
2025-10-12T09:56:27.181+01:00  INFO 39388 --- [sparkpay.bulk_dispute_processor] [main] com.zaxxer.hikari.HikariDataSource       : HikariPool-1 - Starting...
2025-10-12T09:56:27.450+01:00  INFO 39388 --- [sparkpay.bulk_dispute_processor] [main] com.zaxxer.hikari.pool.HikariPool        : HikariPool-1 - Added connection com.mysql.cj.jdbc.ConnectionImpl@256bb5be
2025-10-12T09:56:27.454+01:00  INFO 39388 --- [sparkpay.bulk_dispute_processor] [main] com.zaxxer.hikari.HikariDataSource       : HikariPool-1 - Start completed.
2025-10-12T09:56:27.531+01:00  INFO 39388 --- [sparkpay.bulk_dispute_processor] [main] org.flywaydb.core.FlywayExecutor         : Database: jdbc:mysql://localhost:3306/bulk_dispute_db?useSSL=false&allowPublicKeyRetrieval=true&serverTimezone=UTC (MySQL 9.4)
2025-10-12T09:56:27.574+01:00  WARN 39388 --- [sparkpay.bulk_dispute_processor] [main] o.f.c.internal.database.base.Database    : Flyway upgrade recommended: MySQL 9.4 is newer than this version of Flyway and support has not been tested. The latest supported version of MySQL is 8.1.
2025-10-12T09:56:27.649+01:00  INFO 39388 --- [sparkpay.bulk_dispute_processor] [main] o.f.core.internal.command.DbMigrate      : Current version of schema `bulk_dispute_db`: 1
2025-10-12T09:56:27.655+01:00  INFO 39388 --- [sparkpay.bulk_dispute_processor] [main] o.f.core.internal.command.DbMigrate      : Schema `bulk_dispute_db` is up to date. No migration necessary.
2025-10-12T09:56:28.447+01:00  INFO 39388 --- [sparkpay.bulk_dispute_processor] [main] o.s.v.b.OptionalValidatorFactoryBean     : Failed to set up a Bean Validation provider: jakarta.validation.NoProviderFoundException: Unable to create a Configuration, because no Jakarta Bean Validation provider could be found. Add a provider like Hibernate Validator (RI) to your classpath.
2025-10-12T09:56:29.256+01:00  INFO 39388 --- [sparkpay.bulk_dispute_processor] [main] o.s.b.w.embedded.tomcat.TomcatWebServer  : Tomcat started on port 8080 (http) with context path '/'
2025-10-12T09:56:29.259+01:00  INFO 39388 --- [sparkpay.bulk_dispute_processor] [main] o.s.a.r.c.CachingConnectionFactory       : Attempting to connect to: [localhost:5672]
2025-10-12T09:56:29.346+01:00  INFO 39388 --- [sparkpay.bulk_dispute_processor] [main] o.s.a.r.c.CachingConnectionFactory       : Created new connection: rabbitConnectionFactory#60dcf9ec:0/SimpleConnection@5fb514c2 [delegate=amqp://admin@127.0.0.1:5672/, localPort=49153]
2025-10-12T09:56:29.456+01:00  INFO 39388 --- [sparkpay.bulk_dispute_processor] [main] c.s.s.b.Application                      : Started Application in 6.178 seconds (process running for 6.764)
2025-10-12T09:56:29.462+01:00  INFO 39388 --- [sparkpay.bulk_dispute_processor] [main] o.s.b.a.b.JobLauncherApplicationRunner   : Running default command line with: []
2025-10-12T09:57:07.733+01:00  INFO 39388 --- [sparkpay.bulk_dispute_processor] [http-nio-8080-exec-1] o.a.c.c.C.[Tomcat].[localhost].[/]       : Initializing Spring DispatcherServlet 'dispatcherServlet'
2025-10-12T09:57:07.734+01:00  INFO 39388 --- [sparkpay.bulk_dispute_processor] [http-nio-8080-exec-1] o.s.web.servlet.DispatcherServlet        : Initializing Servlet 'dispatcherServlet'
2025-10-12T09:57:07.737+01:00  INFO 39388 --- [sparkpay.bulk_dispute_processor] [http-nio-8080-exec-1] o.s.web.servlet.DispatcherServlet        : Completed initialization in 2 ms
2025-10-12T09:57:07.884+01:00  INFO 39388 --- [sparkpay.bulk_dispute_processor] [http-nio-8080-exec-1] c.s.s.b.s.BulkDisputeSessionServiceImpl  : Uploading session file: dispute upload template.csv
2025-10-12T09:57:07.890+01:00 DEBUG 39388 --- [sparkpay.bulk_dispute_processor] [http-nio-8080-exec-1] o.s.jdbc.core.JdbcTemplate               : Executing SQL update and returning generated keys
2025-10-12T09:57:07.892+01:00 DEBUG 39388 --- [sparkpay.bulk_dispute_processor] [http-nio-8080-exec-1] o.s.jdbc.core.JdbcTemplate               : Executing prepared SQL statement
2025-10-12T09:57:07.915+01:00  INFO 39388 --- [sparkpay.bulk_dispute_processor] [http-nio-8080-exec-1] c.s.s.b.service.FileServiceImpl          : Saved session file: C:\Users\USER\Downloads\sparkpay.bulk_dispute_processor\sparkpay.bulk_dispute_processor\uploads\9.csv
2025-10-12T09:57:07.922+01:00 DEBUG 39388 --- [sparkpay.bulk_dispute_processor] [http-nio-8080-exec-1] o.s.jdbc.core.JdbcTemplate               : Executing prepared SQL update
2025-10-12T09:57:07.922+01:00 DEBUG 39388 --- [sparkpay.bulk_dispute_processor] [http-nio-8080-exec-1] o.s.jdbc.core.JdbcTemplate               : Executing prepared SQL statement [UPDATE bulk_dispute_session SET uploaded_by=?, file_path=?, file_name=?, status=?, total_rows=?, valid_rows=?, invalid_rows=?, error_summary=?, version=? WHERE id=? AND version=?]
2025-10-12T09:57:07.922+01:00 DEBUG 39388 --- [sparkpay.bulk_dispute_processor] [http-nio-8080-exec-1] o.s.jdbc.core.StatementCreatorUtils      : JDBC getParameterType call failed - using fallback method instead: java.sql.SQLException: Parameter metadata not available for the given statement
2025-10-12T09:57:07.938+01:00  INFO 39388 --- [sparkpay.bulk_dispute_processor] [http-nio-8080-exec-1] c.s.s.b.s.CsvValidationServiceImpl       : Parsed headers: [Unique Key, Action, Proof(Optional)]
2025-10-12T09:57:07.941+01:00  INFO 39388 --- [sparkpay.bulk_dispute_processor] [http-nio-8080-exec-1] c.s.s.b.s.CsvValidationServiceImpl       : Required columns: [Unique Key, Action]
2025-10-12T09:57:07.946+01:00 DEBUG 39388 --- [sparkpay.bulk_dispute_processor] [http-nio-8080-exec-1] o.s.jdbc.core.JdbcTemplate               : Executing prepared SQL update
2025-10-12T09:57:07.947+01:00 DEBUG 39388 --- [sparkpay.bulk_dispute_processor] [http-nio-8080-exec-1] o.s.jdbc.core.JdbcTemplate               : Executing prepared SQL statement [UPDATE bulk_dispute_session SET uploaded_by=?, file_path=?, file_name=?, status=?, total_rows=?, valid_rows=?, invalid_rows=?, error_summary=?, version=? WHERE id=? AND version=?]
2025-10-12T10:01:04.207+01:00  INFO 39388 --- [sparkpay.bulk_dispute_processor] [http-nio-8080-exec-4] c.s.s.b.service.ProofServiceImpl         : Proof uploaded successfully: uniqueCode=2070LOPG001422000000001422, filename=2070LOPG001422000000001422_20251012_100104.PNG, size=33268 bytes
2025-10-12T10:01:11.765+01:00  INFO 39388 --- [sparkpay.bulk_dispute_processor] [http-nio-8080-exec-3] c.s.s.b.service.ProofServiceImpl         : Deleted existing proof file: C:\Users\USER\Downloads\sparkpay.bulk_dispute_processor\sparkpay.bulk_dispute_processor\proofs\2070LOPG001422000000001422_20251012_100104.PNG
2025-10-12T10:01:11.772+01:00  INFO 39388 --- [sparkpay.bulk_dispute_processor] [http-nio-8080-exec-3] c.s.s.b.service.ProofServiceImpl         : Proof uploaded successfully: uniqueCode=2070LOPG001422000000001422, filename=2070LOPG001422000000001422_20251012_100111.PNG, size=33268 bytes
2025-10-12T10:01:29.368+01:00  INFO 39388 --- [sparkpay.bulk_dispute_processor] [http-nio-8080-exec-6] c.s.s.b.s.BulkDisputeSessionServiceImpl  : Uploading session file: dispute upload template.csv
2025-10-12T10:01:29.370+01:00 DEBUG 39388 --- [sparkpay.bulk_dispute_processor] [http-nio-8080-exec-6] o.s.jdbc.core.JdbcTemplate               : Executing SQL update and returning generated keys
2025-10-12T10:01:29.371+01:00 DEBUG 39388 --- [sparkpay.bulk_dispute_processor] [http-nio-8080-exec-6] o.s.jdbc.core.JdbcTemplate               : Executing prepared SQL statement
2025-10-12T10:01:29.385+01:00  INFO 39388 --- [sparkpay.bulk_dispute_processor] [http-nio-8080-exec-6] c.s.s.b.service.FileServiceImpl          : Saved session file: C:\Users\USER\Downloads\sparkpay.bulk_dispute_processor\sparkpay.bulk_dispute_processor\uploads\10.csv
2025-10-12T10:01:29.385+01:00 DEBUG 39388 --- [sparkpay.bulk_dispute_processor] [http-nio-8080-exec-6] o.s.jdbc.core.JdbcTemplate               : Executing prepared SQL update
2025-10-12T10:01:29.387+01:00 DEBUG 39388 --- [sparkpay.bulk_dispute_processor] [http-nio-8080-exec-6] o.s.jdbc.core.JdbcTemplate               : Executing prepared SQL statement [UPDATE bulk_dispute_session SET uploaded_by=?, file_path=?, file_name=?, status=?, total_rows=?, valid_rows=?, invalid_rows=?, error_summary=?, version=? WHERE id=? AND version=?]
2025-10-12T10:01:29.387+01:00 DEBUG 39388 --- [sparkpay.bulk_dispute_processor] [http-nio-8080-exec-6] o.s.jdbc.core.StatementCreatorUtils      : JDBC getParameterType call failed - using fallback method instead: java.sql.SQLException: Parameter metadata not available for the given statement
2025-10-12T10:01:29.395+01:00  INFO 39388 --- [sparkpay.bulk_dispute_processor] [http-nio-8080-exec-6] c.s.s.b.s.CsvValidationServiceImpl       : Parsed headers: [Unique Key, Action, Proof(Optional)]
2025-10-12T10:01:29.396+01:00  INFO 39388 --- [sparkpay.bulk_dispute_processor] [http-nio-8080-exec-6] c.s.s.b.s.CsvValidationServiceImpl       : Required columns: [Unique Key, Action]
2025-10-12T10:01:29.397+01:00 DEBUG 39388 --- [sparkpay.bulk_dispute_processor] [http-nio-8080-exec-6] o.s.jdbc.core.JdbcTemplate               : Executing prepared SQL update
2025-10-12T10:01:29.397+01:00 DEBUG 39388 --- [sparkpay.bulk_dispute_processor] [http-nio-8080-exec-6] o.s.jdbc.core.JdbcTemplate               : Executing prepared SQL statement [UPDATE bulk_dispute_session SET uploaded_by=?, file_path=?, file_name=?, status=?, total_rows=?, valid_rows=?, invalid_rows=?, error_summary=?, version=? WHERE id=? AND version=?]
2025-10-12T10:02:15.063+01:00  INFO 39388 --- [sparkpay.bulk_dispute_processor] [http-nio-8080-exec-8] c.s.s.b.service.ProofServiceImpl         : Proof uploaded successfully: uniqueCode=2033N4MN001957000000001957, filename=2033N4MN001957000000001957_20251012_100215.PNG, size=73690 bytes
2025-10-12T10:02:33.263+01:00  INFO 39388 --- [sparkpay.bulk_dispute_processor] [http-nio-8080-exec-10] c.s.s.b.s.BulkDisputeSessionServiceImpl  : Uploading session file: dispute upload template.csv
2025-10-12T10:02:33.276+01:00 DEBUG 39388 --- [sparkpay.bulk_dispute_processor] [http-nio-8080-exec-10] o.s.jdbc.core.JdbcTemplate               : Executing SQL update and returning generated keys
2025-10-12T10:02:33.277+01:00 DEBUG 39388 --- [sparkpay.bulk_dispute_processor] [http-nio-8080-exec-10] o.s.jdbc.core.JdbcTemplate               : Executing prepared SQL statement
2025-10-12T10:02:33.291+01:00  INFO 39388 --- [sparkpay.bulk_dispute_processor] [http-nio-8080-exec-10] c.s.s.b.service.FileServiceImpl          : Saved session file: C:\Users\USER\Downloads\sparkpay.bulk_dispute_processor\sparkpay.bulk_dispute_processor\uploads\11.csv
2025-10-12T10:02:33.291+01:00 DEBUG 39388 --- [sparkpay.bulk_dispute_processor] [http-nio-8080-exec-10] o.s.jdbc.core.JdbcTemplate               : Executing prepared SQL update
2025-10-12T10:02:33.293+01:00 DEBUG 39388 --- [sparkpay.bulk_dispute_processor] [http-nio-8080-exec-10] o.s.jdbc.core.JdbcTemplate               : Executing prepared SQL statement [UPDATE bulk_dispute_session SET uploaded_by=?, file_path=?, file_name=?, status=?, total_rows=?, valid_rows=?, invalid_rows=?, error_summary=?, version=? WHERE id=? AND version=?]
2025-10-12T10:02:33.294+01:00 DEBUG 39388 --- [sparkpay.bulk_dispute_processor] [http-nio-8080-exec-10] o.s.jdbc.core.StatementCreatorUtils      : JDBC getParameterType call failed - using fallback method instead: java.sql.SQLException: Parameter metadata not available for the given statement
2025-10-12T10:02:33.301+01:00  INFO 39388 --- [sparkpay.bulk_dispute_processor] [http-nio-8080-exec-10] c.s.s.b.s.CsvValidationServiceImpl       : Parsed headers: [Unique Key, Action, Proof(Optional)]
2025-10-12T10:02:33.301+01:00  INFO 39388 --- [sparkpay.bulk_dispute_processor] [http-nio-8080-exec-10] c.s.s.b.s.CsvValidationServiceImpl       : Required columns: [Unique Key, Action]
2025-10-12T10:02:33.303+01:00 DEBUG 39388 --- [sparkpay.bulk_dispute_processor] [http-nio-8080-exec-10] o.s.jdbc.core.JdbcTemplate               : Executing prepared SQL update
2025-10-12T10:02:33.303+01:00 DEBUG 39388 --- [sparkpay.bulk_dispute_processor] [http-nio-8080-exec-10] o.s.jdbc.core.JdbcTemplate               : Executing prepared SQL statement [UPDATE bulk_dispute_session SET uploaded_by=?, file_path=?, file_name=?, status=?, total_rows=?, valid_rows=?, invalid_rows=?, error_summary=?, version=? WHERE id=? AND version=?]
2025-10-12T10:02:33.304+01:00 DEBUG 39388 --- [sparkpay.bulk_dispute_processor] [http-nio-8080-exec-10] o.s.jdbc.core.StatementCreatorUtils      : JDBC getParameterType call failed - using fallback method instead: java.sql.SQLException: Parameter metadata not available for the given statement
2025-10-12T10:02:51.553+01:00 DEBUG 39388 --- [sparkpay.bulk_dispute_processor] [http-nio-8080-exec-2] o.s.jdbc.core.JdbcTemplate               : Executing prepared SQL query
2025-10-12T10:02:51.554+01:00 DEBUG 39388 --- [sparkpay.bulk_dispute_processor] [http-nio-8080-exec-2] o.s.jdbc.core.JdbcTemplate               : Executing prepared SQL statement [SELECT * FROM bulk_dispute_session WHERE id = ?]
2025-10-12T10:02:51.565+01:00 DEBUG 39388 --- [sparkpay.bulk_dispute_processor] [http-nio-8080-exec-2] o.s.jdbc.core.JdbcTemplate               : Executing SQL update and returning generated keys
2025-10-12T10:02:51.565+01:00 DEBUG 39388 --- [sparkpay.bulk_dispute_processor] [http-nio-8080-exec-2] o.s.jdbc.core.JdbcTemplate               : Executing prepared SQL statement
2025-10-12T10:02:51.583+01:00 DEBUG 39388 --- [sparkpay.bulk_dispute_processor] [http-nio-8080-exec-2] o.s.jdbc.core.JdbcTemplate               : Executing prepared SQL update
2025-10-12T10:02:51.584+01:00 DEBUG 39388 --- [sparkpay.bulk_dispute_processor] [http-nio-8080-exec-2] o.s.jdbc.core.JdbcTemplate               : Executing prepared SQL statement [UPDATE bulk_dispute_session SET uploaded_by=?, file_path=?, file_name=?, status=?, total_rows=?, valid_rows=?, invalid_rows=?, error_summary=?, version=? WHERE id=? AND version=?]
2025-10-12T10:02:51.584+01:00 DEBUG 39388 --- [sparkpay.bulk_dispute_processor] [http-nio-8080-exec-2] o.s.jdbc.core.StatementCreatorUtils      : JDBC getParameterType call failed - using fallback method instead: java.sql.SQLException: Parameter metadata not available for the given statement
2025-10-12T10:02:51.609+01:00  INFO 39388 --- [sparkpay.bulk_dispute_processor] [http-nio-8080-exec-2] c.s.s.b.service.JobMessagePublisherImpl  : Published job message for jobId: 4, sessionId: 11
2025-10-12T10:02:51.650+01:00  INFO 39388 --- [sparkpay.bulk_dispute_processor] [org.springframework.amqp.rabbit.RabbitListenerEndpointContainer#0-1] c.s.s.b.worker.BulkJobWorker             : Processing job: jobId=4, sessionId=11, filePath=C:\Users\USER\Downloads\sparkpay.bulk_dispute_processor\sparkpay.bulk_dispute_processor\uploads\11.csv
2025-10-12T10:02:51.650+01:00 DEBUG 39388 --- [sparkpay.bulk_dispute_processor] [org.springframework.amqp.rabbit.RabbitListenerEndpointContainer#0-1] o.s.jdbc.core.JdbcTemplate               : Executing prepared SQL query
2025-10-12T10:02:51.651+01:00 DEBUG 39388 --- [sparkpay.bulk_dispute_processor] [org.springframework.amqp.rabbit.RabbitListenerEndpointContainer#0-1] o.s.jdbc.core.JdbcTemplate               : Executing prepared SQL statement [SELECT * FROM bulk_dispute_job WHERE id = ?]
2025-10-12T10:02:51.655+01:00 DEBUG 39388 --- [sparkpay.bulk_dispute_processor] [org.springframework.amqp.rabbit.RabbitListenerEndpointContainer#0-1] o.s.jdbc.core.JdbcTemplate               : Executing prepared SQL update
2025-10-12T10:02:51.655+01:00 DEBUG 39388 --- [sparkpay.bulk_dispute_processor] [org.springframework.amqp.rabbit.RabbitListenerEndpointContainer#0-1] o.s.jdbc.core.JdbcTemplate               : Executing prepared SQL statement [UPDATE bulk_dispute_job SET session_id=?, job_ref=?, status=?, total_rows=?, processed_rows=?, success_count=?, failure_count=?, error_report_path=?, started_at=?, completed_at=? WHERE id=?]
2025-10-12T10:02:51.656+01:00 DEBUG 39388 --- [sparkpay.bulk_dispute_processor] [org.springframework.amqp.rabbit.RabbitListenerEndpointContainer#0-1] o.s.jdbc.core.StatementCreatorUtils      : JDBC getParameterType call failed - using fallback method instead: java.sql.SQLException: Parameter metadata not available for the given statement
2025-10-12T10:02:51.657+01:00 DEBUG 39388 --- [sparkpay.bulk_dispute_processor] [org.springframework.amqp.rabbit.RabbitListenerEndpointContainer#0-1] o.s.jdbc.core.StatementCreatorUtils      : JDBC getParameterType call failed - using fallback method instead: java.sql.SQLException: Parameter metadata not available for the given statement
2025-10-12T10:02:51.681+01:00 DEBUG 39388 --- [sparkpay.bulk_dispute_processor] [org.springframework.amqp.rabbit.RabbitListenerEndpointContainer#0-1] o.s.jdbc.core.JdbcTemplate               : Executing SQL update and returning generated keys
2025-10-12T10:02:51.682+01:00 DEBUG 39388 --- [sparkpay.bulk_dispute_processor] [org.springframework.amqp.rabbit.RabbitListenerEndpointContainer#0-1] o.s.jdbc.core.JdbcTemplate               : Executing prepared SQL statement
2025-10-12T10:02:51.699+01:00  INFO 39388 --- [sparkpay.bulk_dispute_processor] [org.springframework.amqp.rabbit.RabbitListenerEndpointContainer#0-1] c.s.s.b.service.DisputeUpdaterImpl       : Using uploaded proof file for dispute: 2070LOPG001422000000001422 -> C:\Users\USER\Downloads\sparkpay.bulk_dispute_processor\sparkpay.bulk_dispute_processor\proofs\2070LOPG001422000000001422_20251012_100111.PNG
2025-10-12T10:02:51.702+01:00  INFO 39388 --- [sparkpay.bulk_dispute_processor] [org.springframework.amqp.rabbit.RabbitListenerEndpointContainer#0-1] c.s.s.b.service.DisputeUpdaterImpl       : Processing dispute: uniqueKey=2070LOPG001422000000001422, action=Reject, status=1, resolved=1, resolvedBy=system, proofUri=C:\Users\USER\Downloads\sparkpay.bulk_dispute_processor\sparkpay.bulk_dispute_processor\proofs\2070LOPG001422000000001422_20251012_100111.PNG
2025-10-12T10:02:51.714+01:00  INFO 39388 --- [sparkpay.bulk_dispute_processor] [org.springframework.amqp.rabbit.RabbitListenerEndpointContainer#0-1] c.s.s.b.repository.DisputeRepository     : Updating dispute: uniqueKey=2070LOPG001422000000001422, resolvedBy=system, status=1, resolved=1, proofUri=C:\Users\USER\Downloads\sparkpay.bulk_dispute_processor\sparkpay.bulk_dispute_processor\proofs\2070LOPG001422000000001422_20251012_100111.PNG
2025-10-12T10:02:51.715+01:00  INFO 39388 --- [sparkpay.bulk_dispute_processor] [org.springframework.amqp.rabbit.RabbitListenerEndpointContainer#0-1] c.s.s.b.repository.DisputeRepository     : Executing SQL: UPDATE tbl_disputes SET resolved_by = ?, status = ?, resolved = ?, date_modified = now(), proof_of_reject_uri = ? WHERE unique_log_code = ? AND resolved = 0
2025-10-12T10:02:51.716+01:00 DEBUG 39388 --- [sparkpay.bulk_dispute_processor] [org.springframework.amqp.rabbit.RabbitListenerEndpointContainer#0-1] o.s.jdbc.core.JdbcTemplate               : Executing prepared SQL update
2025-10-12T10:02:51.717+01:00 DEBUG 39388 --- [sparkpay.bulk_dispute_processor] [org.springframework.amqp.rabbit.RabbitListenerEndpointContainer#0-1] o.s.jdbc.core.JdbcTemplate               : Executing prepared SQL statement [UPDATE tbl_disputes SET resolved_by = ?, status = ?, resolved = ?, date_modified = now(), proof_of_reject_uri = ? WHERE unique_log_code = ? AND resolved = 0]
2025-10-12T10:02:51.725+01:00  INFO 39388 --- [sparkpay.bulk_dispute_processor] [org.springframework.amqp.rabbit.RabbitListenerEndpointContainer#0-1] c.s.s.b.repository.DisputeRepository     : Update result: 0 rows affected
2025-10-12T10:02:51.725+01:00  WARN 39388 --- [sparkpay.bulk_dispute_processor] [org.springframework.amqp.rabbit.RabbitListenerEndpointContainer#0-1] c.s.s.b.service.DisputeUpdaterImpl       : No matching dispute found or already processed: 2070LOPG001422000000001422
2025-10-12T10:02:51.726+01:00  WARN 39388 --- [sparkpay.bulk_dispute_processor] [org.springframework.amqp.rabbit.RabbitListenerEndpointContainer#0-1] c.s.s.b.worker.BulkJobWorker             : Row 1 processing failed: No matching dispute found or already processed
2025-10-12T10:02:51.727+01:00  INFO 39388 --- [sparkpay.bulk_dispute_processor] [org.springframework.amqp.rabbit.RabbitListenerEndpointContainer#0-1] c.s.s.b.service.DisputeUpdaterImpl       : Processing dispute: uniqueKey=207000AI001870000000001870, action=Accept, status=0, resolved=0, resolvedBy=system, proofUri=
2025-10-12T10:02:51.727+01:00  INFO 39388 --- [sparkpay.bulk_dispute_processor] [org.springframework.amqp.rabbit.RabbitListenerEndpointContainer#0-1] c.s.s.b.repository.DisputeRepository     : Updating dispute: uniqueKey=207000AI001870000000001870, resolvedBy=system, status=0, resolved=0, proofUri=
2025-10-12T10:02:51.728+01:00  INFO 39388 --- [sparkpay.bulk_dispute_processor] [org.springframework.amqp.rabbit.RabbitListenerEndpointContainer#0-1] c.s.s.b.repository.DisputeRepository     : Executing SQL: UPDATE tbl_disputes SET resolved_by = ?, status = ?, resolved = ?, date_modified = now(), proof_of_reject_uri = ? WHERE unique_log_code = ? AND resolved = 0
2025-10-12T10:02:51.728+01:00 DEBUG 39388 --- [sparkpay.bulk_dispute_processor] [org.springframework.amqp.rabbit.RabbitListenerEndpointContainer#0-1] o.s.jdbc.core.JdbcTemplate               : Executing prepared SQL update
2025-10-12T10:02:51.728+01:00 DEBUG 39388 --- [sparkpay.bulk_dispute_processor] [org.springframework.amqp.rabbit.RabbitListenerEndpointContainer#0-1] o.s.jdbc.core.JdbcTemplate               : Executing prepared SQL statement [UPDATE tbl_disputes SET resolved_by = ?, status = ?, resolved = ?, date_modified = now(), proof_of_reject_uri = ? WHERE unique_log_code = ? AND resolved = 0]
2025-10-12T10:02:51.737+01:00  INFO 39388 --- [sparkpay.bulk_dispute_processor] [org.springframework.amqp.rabbit.RabbitListenerEndpointContainer#0-1] c.s.s.b.repository.DisputeRepository     : Update result: 1 rows affected
2025-10-12T10:02:51.737+01:00  INFO 39388 --- [sparkpay.bulk_dispute_processor] [org.springframework.amqp.rabbit.RabbitListenerEndpointContainer#0-1] c.s.s.b.service.DisputeUpdaterImpl       : Successfully updated dispute: 207000AI001870000000001870 with action: Accept
2025-10-12T10:02:51.738+01:00  INFO 39388 --- [sparkpay.bulk_dispute_processor] [org.springframework.amqp.rabbit.RabbitListenerEndpointContainer#0-1] c.s.s.b.service.DisputeUpdaterImpl       : Using uploaded proof file for dispute: 2033N4MN001957000000001957 -> C:\Users\USER\Downloads\sparkpay.bulk_dispute_processor\sparkpay.bulk_dispute_processor\proofs\2033N4MN001957000000001957_20251012_100215.PNG
2025-10-12T10:02:51.739+01:00  INFO 39388 --- [sparkpay.bulk_dispute_processor] [org.springframework.amqp.rabbit.RabbitListenerEndpointContainer#0-1] c.s.s.b.service.DisputeUpdaterImpl       : Processing dispute: uniqueKey=2033N4MN001957000000001957, action=Reject, status=1, resolved=1, resolvedBy=system, proofUri=C:\Users\USER\Downloads\sparkpay.bulk_dispute_processor\sparkpay.bulk_dispute_processor\proofs\2033N4MN001957000000001957_20251012_100215.PNG
2025-10-12T10:02:51.739+01:00  INFO 39388 --- [sparkpay.bulk_dispute_processor] [org.springframework.amqp.rabbit.RabbitListenerEndpointContainer#0-1] c.s.s.b.repository.DisputeRepository     : Updating dispute: uniqueKey=2033N4MN001957000000001957, resolvedBy=system, status=1, resolved=1, proofUri=C:\Users\USER\Downloads\sparkpay.bulk_dispute_processor\sparkpay.bulk_dispute_processor\proofs\2033N4MN001957000000001957_20251012_100215.PNG
2025-10-12T10:02:51.740+01:00  INFO 39388 --- [sparkpay.bulk_dispute_processor] [org.springframework.amqp.rabbit.RabbitListenerEndpointContainer#0-1] c.s.s.b.repository.DisputeRepository     : Executing SQL: UPDATE tbl_disputes SET resolved_by = ?, status = ?, resolved = ?, date_modified = now(), proof_of_reject_uri = ? WHERE unique_log_code = ? AND resolved = 0
2025-10-12T10:02:51.740+01:00 DEBUG 39388 --- [sparkpay.bulk_dispute_processor] [org.springframework.amqp.rabbit.RabbitListenerEndpointContainer#0-1] o.s.jdbc.core.JdbcTemplate               : Executing prepared SQL update
2025-10-12T10:02:51.762+01:00 DEBUG 39388 --- [sparkpay.bulk_dispute_processor] [org.springframework.amqp.rabbit.RabbitListenerEndpointContainer#0-1] o.s.jdbc.core.JdbcTemplate               : Executing prepared SQL statement [UPDATE tbl_disputes SET resolved_by = ?, status = ?, resolved = ?, date_modified = now(), proof_of_reject_uri = ? WHERE unique_log_code = ? AND resolved = 0]
2025-10-12T10:02:51.768+01:00  INFO 39388 --- [sparkpay.bulk_dispute_processor] [org.springframework.amqp.rabbit.RabbitListenerEndpointContainer#0-1] c.s.s.b.repository.DisputeRepository     : Update result: 0 rows affected
2025-10-12T10:02:51.768+01:00  WARN 39388 --- [sparkpay.bulk_dispute_processor] [org.springframework.amqp.rabbit.RabbitListenerEndpointContainer#0-1] c.s.s.b.service.DisputeUpdaterImpl       : No matching dispute found or already processed: 2033N4MN001957000000001957
2025-10-12T10:02:51.768+01:00  WARN 39388 --- [sparkpay.bulk_dispute_processor] [org.springframework.amqp.rabbit.RabbitListenerEndpointContainer#0-1] c.s.s.b.worker.BulkJobWorker             : Row 3 processing failed: No matching dispute found or already processed
2025-10-12T10:02:51.772+01:00 DEBUG 39388 --- [sparkpay.bulk_dispute_processor] [org.springframework.amqp.rabbit.RabbitListenerEndpointContainer#0-1] o.s.jdbc.core.JdbcTemplate               : Executing prepared SQL update
2025-10-12T10:02:51.774+01:00 DEBUG 39388 --- [sparkpay.bulk_dispute_processor] [org.springframework.amqp.rabbit.RabbitListenerEndpointContainer#0-1] o.s.jdbc.core.JdbcTemplate               : Executing prepared SQL statement [UPDATE bulk_dispute_job SET session_id=?, job_ref=?, status=?, total_rows=?, processed_rows=?, success_count=?, failure_count=?, error_report_path=?, started_at=?, completed_at=? WHERE id=?]
2025-10-12T10:02:51.774+01:00 DEBUG 39388 --- [sparkpay.bulk_dispute_processor] [org.springframework.amqp.rabbit.RabbitListenerEndpointContainer#0-1] o.s.jdbc.core.StatementCreatorUtils      : JDBC getParameterType call failed - using fallback method instead: java.sql.SQLException: Parameter metadata not available for the given statement
2025-10-12T10:02:51.784+01:00 DEBUG 39388 --- [sparkpay.bulk_dispute_processor] [org.springframework.amqp.rabbit.RabbitListenerEndpointContainer#0-1] o.s.jdbc.core.JdbcTemplate               : Executing prepared SQL update
2025-10-12T10:02:51.784+01:00 DEBUG 39388 --- [sparkpay.bulk_dispute_processor] [org.springframework.amqp.rabbit.RabbitListenerEndpointContainer#0-1] o.s.jdbc.core.JdbcTemplate               : Executing prepared SQL statement [UPDATE bulk_dispute_job SET session_id=?, job_ref=?, status=?, total_rows=?, processed_rows=?, success_count=?, failure_count=?, error_report_path=?, started_at=?, completed_at=? WHERE id=?]
2025-10-12T10:02:51.791+01:00 DEBUG 39388 --- [sparkpay.bulk_dispute_processor] [org.springframework.amqp.rabbit.RabbitListenerEndpointContainer#0-1] o.s.jdbc.core.JdbcTemplate               : Executing SQL update and returning generated keys
2025-10-12T10:02:51.792+01:00 DEBUG 39388 --- [sparkpay.bulk_dispute_processor] [org.springframework.amqp.rabbit.RabbitListenerEndpointContainer#0-1] o.s.jdbc.core.JdbcTemplate               : Executing prepared SQL statement
2025-10-12T10:02:51.801+01:00  INFO 39388 --- [sparkpay.bulk_dispute_processor] [org.springframework.amqp.rabbit.RabbitListenerEndpointContainer#0-1] c.s.s.b.worker.BulkJobWorker             : Job completed successfully: jobId=4
2025-10-12T10:07:04.634+01:00  INFO 39388 --- [sparkpay.bulk_dispute_processor] [org.springframework.amqp.rabbit.RabbitListenerEndpointContainer#0-2] o.s.a.r.l.SimpleMessageListenerContainer : Waiting for workers to finish.
2025-10-12T10:07:04.853+01:00  INFO 39388 --- [sparkpay.bulk_dispute_processor] [org.springframework.amqp.rabbit.RabbitListenerEndpointContainer#0-2] o.s.a.r.l.SimpleMessageListenerContainer : Successfully waited for workers to finish.
2025-10-12T10:07:04.872+01:00  INFO 39388 --- [sparkpay.bulk_dispute_processor] [SpringApplicationShutdownHook] o.s.b.w.e.tomcat.GracefulShutdown        : Commencing graceful shutdown. Waiting for active requests to complete
2025-10-12T10:07:06.269+01:00  INFO 39388 --- [sparkpay.bulk_dispute_processor] [tomcat-shutdown] o.s.b.w.e.tomcat.GracefulShutdown        : Graceful shutdown complete
2025-10-12T10:07:06.287+01:00  INFO 39388 --- [sparkpay.bulk_dispute_processor] [SpringApplicationShutdownHook] com.zaxxer.hikari.HikariDataSource       : HikariPool-1 - Shutdown initiated...
2025-10-12T10:07:06.297+01:00  INFO 39388 --- [sparkpay.bulk_dispute_processor] [SpringApplicationShutdownHook] com.zaxxer.hikari.HikariDataSource       : HikariPool-1 - Shutdown completed.
